<?xml version="1.0" encoding="UTF-8"?>
<testsuite xmlns:xsi="http://www.w3.org/2001/XMLSchema-instance" xsi:noNamespaceSchemaLocation="https://maven.apache.org/surefire/maven-surefire-plugin/xsd/surefire-test-report.xsd" name="com.altamiracorp.AppTest" time="0.022" tests="1" errors="0" skipped="0" failures="0">
  <properties>
    <property name="java.specification.version" value="17"/>
    <property name="sun.cpu.isalist" value="amd64"/>
    <property name="sun.jnu.encoding" value="Cp1252"/>
    <property name="java.class.path" value="C:\projects\AltamiraArgoJava\test23\target\test-classes;C:\projects\AltamiraArgoJava\test23\target\classes;C:\Users\larry.matthews\.m2\repository\junit\junit\4.11\junit-4.11.jar;C:\Users\larry.matthews\.m2\repository\org\hamcrest\hamcrest-core\1.3\hamcrest-core-1.3.jar;C:\Users\larry.matthews\.m2\repository\io\argoproj\workflow\argo-client-java\v3.3.10\argo-client-java-v3.3.10.jar;C:\Users\larry.matthews\.m2\repository\io\kubernetes\client-java\14.0.1\client-java-14.0.1.jar;C:\Users\larry.matthews\.m2\repository\io\prometheus\simpleclient\0.12.0\simpleclient-0.12.0.jar;C:\Users\larry.matthews\.m2\repository\io\prometheus\simpleclient_tracer_otel\0.12.0\simpleclient_tracer_otel-0.12.0.jar;C:\Users\larry.matthews\.m2\repository\io\prometheus\simpleclient_tracer_common\0.12.0\simpleclient_tracer_common-0.12.0.jar;C:\Users\larry.matthews\.m2\repository\io\prometheus\simpleclient_tracer_otel_agent\0.12.0\simpleclient_tracer_otel_agent-0.12.0.jar;C:\Users\larry.matthews\.m2\repository\io\prometheus\simpleclient_httpserver\0.12.0\simpleclient_httpserver-0.12.0.jar;C:\Users\larry.matthews\.m2\repository\io\prometheus\simpleclient_common\0.12.0\simpleclient_common-0.12.0.jar;C:\Users\larry.matthews\.m2\repository\io\kubernetes\client-java-api\14.0.1\client-java-api-14.0.1.jar;C:\Users\larry.matthews\.m2\repository\io\gsonfire\gson-fire\1.8.5\gson-fire-1.8.5.jar;C:\Users\larry.matthews\.m2\repository\com\google\code\findbugs\jsr305\3.0.2\jsr305-3.0.2.jar;C:\Users\larry.matthews\.m2\repository\io\kubernetes\client-java-proto\14.0.1\client-java-proto-14.0.1.jar;C:\Users\larry.matthews\.m2\repository\org\yaml\snakeyaml\1.29\snakeyaml-1.29.jar;C:\Users\larry.matthews\.m2\repository\commons-codec\commons-codec\1.15\commons-codec-1.15.jar;C:\Users\larry.matthews\.m2\repository\org\apache\commons\commons-compress\1.21\commons-compress-1.21.jar;C:\Users\larry.matthews\.m2\repository\org\apache\commons\commons-lang3\3.12.0\commons-lang3-3.12.0.jar;C:\Users\larry.matthews\.m2\repository\commons-io\commons-io\2.11.0\commons-io-2.11.0.jar;C:\Users\larry.matthews\.m2\repository\org\slf4j\slf4j-api\1.7.32\slf4j-api-1.7.32.jar;C:\Users\larry.matthews\.m2\repository\org\bouncycastle\bcprov-ext-jdk15on\1.69\bcprov-ext-jdk15on-1.69.jar;C:\Users\larry.matthews\.m2\repository\org\bouncycastle\bcpkix-jdk15on\1.69\bcpkix-jdk15on-1.69.jar;C:\Users\larry.matthews\.m2\repository\org\bouncycastle\bcprov-jdk15on\1.69\bcprov-jdk15on-1.69.jar;C:\Users\larry.matthews\.m2\repository\org\bouncycastle\bcutil-jdk15on\1.69\bcutil-jdk15on-1.69.jar;C:\Users\larry.matthews\.m2\repository\com\google\protobuf\protobuf-java\3.19.2\protobuf-java-3.19.2.jar;C:\Users\larry.matthews\.m2\repository\org\apache\commons\commons-collections4\4.4\commons-collections4-4.4.jar;C:\Users\larry.matthews\.m2\repository\org\bitbucket\b_c\jose4j\0.7.9\jose4j-0.7.9.jar;C:\Users\larry.matthews\.m2\repository\io\swagger\swagger-annotations\1.6.2\swagger-annotations-1.6.2.jar;C:\Users\larry.matthews\.m2\repository\com\squareup\okhttp3\okhttp\4.9.1\okhttp-4.9.1.jar;C:\Users\larry.matthews\.m2\repository\com\squareup\okio\okio\2.8.0\okio-2.8.0.jar;C:\Users\larry.matthews\.m2\repository\org\jetbrains\kotlin\kotlin-stdlib-common\1.4.0\kotlin-stdlib-common-1.4.0.jar;C:\Users\larry.matthews\.m2\repository\org\jetbrains\kotlin\kotlin-stdlib\1.4.10\kotlin-stdlib-1.4.10.jar;C:\Users\larry.matthews\.m2\repository\org\jetbrains\annotations\13.0\annotations-13.0.jar;C:\Users\larry.matthews\.m2\repository\com\squareup\okhttp3\logging-interceptor\4.9.1\logging-interceptor-4.9.1.jar;C:\Users\larry.matthews\.m2\repository\org\jetbrains\kotlin\kotlin-stdlib-jdk8\1.4.10\kotlin-stdlib-jdk8-1.4.10.jar;C:\Users\larry.matthews\.m2\repository\org\jetbrains\kotlin\kotlin-stdlib-jdk7\1.4.10\kotlin-stdlib-jdk7-1.4.10.jar;C:\Users\larry.matthews\.m2\repository\com\google\code\gson\gson\2.8.9\gson-2.8.9.jar;C:\Users\larry.matthews\.m2\repository\javax\annotation\javax.annotation-api\1.3.2\javax.annotation-api-1.3.2.jar;"/>
    <property name="java.vm.vendor" value="Oracle Corporation"/>
    <property name="sun.arch.data.model" value="64"/>
    <property name="user.variant" value=""/>
    <property name="java.vendor.url" value="https://java.oracle.com/"/>
    <property name="user.timezone" value="America/New_York"/>
    <property name="os.name" value="Windows 10"/>
    <property name="java.vm.specification.version" value="17"/>
    <property name="sun.java.launcher" value="SUN_STANDARD"/>
    <property name="user.country" value="US"/>
    <property name="sun.boot.library.path" value="C:\Program Files\Java\jdk-17.0.5\bin"/>
    <property name="sun.java.command" value="C:\Users\LARRY~1.MAT\AppData\Local\Temp\surefire15519169217092168015\surefirebooter16556463410247611951.jar C:\Users\larry.matthews\AppData\Local\Temp\surefire15519169217092168015 2022-12-20T15-53-31_897-jvmRun1 surefire5855572526593268tmp surefire_06950634216837715896tmp"/>
    <property name="jdk.debug" value="release"/>
    <property name="surefire.test.class.path" value="C:\projects\AltamiraArgoJava\test23\target\test-classes;C:\projects\AltamiraArgoJava\test23\target\classes;C:\Users\larry.matthews\.m2\repository\junit\junit\4.11\junit-4.11.jar;C:\Users\larry.matthews\.m2\repository\org\hamcrest\hamcrest-core\1.3\hamcrest-core-1.3.jar;C:\Users\larry.matthews\.m2\repository\io\argoproj\workflow\argo-client-java\v3.3.10\argo-client-java-v3.3.10.jar;C:\Users\larry.matthews\.m2\repository\io\kubernetes\client-java\14.0.1\client-java-14.0.1.jar;C:\Users\larry.matthews\.m2\repository\io\prometheus\simpleclient\0.12.0\simpleclient-0.12.0.jar;C:\Users\larry.matthews\.m2\repository\io\prometheus\simpleclient_tracer_otel\0.12.0\simpleclient_tracer_otel-0.12.0.jar;C:\Users\larry.matthews\.m2\repository\io\prometheus\simpleclient_tracer_common\0.12.0\simpleclient_tracer_common-0.12.0.jar;C:\Users\larry.matthews\.m2\repository\io\prometheus\simpleclient_tracer_otel_agent\0.12.0\simpleclient_tracer_otel_agent-0.12.0.jar;C:\Users\larry.matthews\.m2\repository\io\prometheus\simpleclient_httpserver\0.12.0\simpleclient_httpserver-0.12.0.jar;C:\Users\larry.matthews\.m2\repository\io\prometheus\simpleclient_common\0.12.0\simpleclient_common-0.12.0.jar;C:\Users\larry.matthews\.m2\repository\io\kubernetes\client-java-api\14.0.1\client-java-api-14.0.1.jar;C:\Users\larry.matthews\.m2\repository\io\gsonfire\gson-fire\1.8.5\gson-fire-1.8.5.jar;C:\Users\larry.matthews\.m2\repository\com\google\code\findbugs\jsr305\3.0.2\jsr305-3.0.2.jar;C:\Users\larry.matthews\.m2\repository\io\kubernetes\client-java-proto\14.0.1\client-java-proto-14.0.1.jar;C:\Users\larry.matthews\.m2\repository\org\yaml\snakeyaml\1.29\snakeyaml-1.29.jar;C:\Users\larry.matthews\.m2\repository\commons-codec\commons-codec\1.15\commons-codec-1.15.jar;C:\Users\larry.matthews\.m2\repository\org\apache\commons\commons-compress\1.21\commons-compress-1.21.jar;C:\Users\larry.matthews\.m2\repository\org\apache\commons\commons-lang3\3.12.0\commons-lang3-3.12.0.jar;C:\Users\larry.matthews\.m2\repository\commons-io\commons-io\2.11.0\commons-io-2.11.0.jar;C:\Users\larry.matthews\.m2\repository\org\slf4j\slf4j-api\1.7.32\slf4j-api-1.7.32.jar;C:\Users\larry.matthews\.m2\repository\org\bouncycastle\bcprov-ext-jdk15on\1.69\bcprov-ext-jdk15on-1.69.jar;C:\Users\larry.matthews\.m2\repository\org\bouncycastle\bcpkix-jdk15on\1.69\bcpkix-jdk15on-1.69.jar;C:\Users\larry.matthews\.m2\repository\org\bouncycastle\bcprov-jdk15on\1.69\bcprov-jdk15on-1.69.jar;C:\Users\larry.matthews\.m2\repository\org\bouncycastle\bcutil-jdk15on\1.69\bcutil-jdk15on-1.69.jar;C:\Users\larry.matthews\.m2\repository\com\google\protobuf\protobuf-java\3.19.2\protobuf-java-3.19.2.jar;C:\Users\larry.matthews\.m2\repository\org\apache\commons\commons-collections4\4.4\commons-collections4-4.4.jar;C:\Users\larry.matthews\.m2\repository\org\bitbucket\b_c\jose4j\0.7.9\jose4j-0.7.9.jar;C:\Users\larry.matthews\.m2\repository\io\swagger\swagger-annotations\1.6.2\swagger-annotations-1.6.2.jar;C:\Users\larry.matthews\.m2\repository\com\squareup\okhttp3\okhttp\4.9.1\okhttp-4.9.1.jar;C:\Users\larry.matthews\.m2\repository\com\squareup\okio\okio\2.8.0\okio-2.8.0.jar;C:\Users\larry.matthews\.m2\repository\org\jetbrains\kotlin\kotlin-stdlib-common\1.4.0\kotlin-stdlib-common-1.4.0.jar;C:\Users\larry.matthews\.m2\repository\org\jetbrains\kotlin\kotlin-stdlib\1.4.10\kotlin-stdlib-1.4.10.jar;C:\Users\larry.matthews\.m2\repository\org\jetbrains\annotations\13.0\annotations-13.0.jar;C:\Users\larry.matthews\.m2\repository\com\squareup\okhttp3\logging-interceptor\4.9.1\logging-interceptor-4.9.1.jar;C:\Users\larry.matthews\.m2\repository\org\jetbrains\kotlin\kotlin-stdlib-jdk8\1.4.10\kotlin-stdlib-jdk8-1.4.10.jar;C:\Users\larry.matthews\.m2\repository\org\jetbrains\kotlin\kotlin-stdlib-jdk7\1.4.10\kotlin-stdlib-jdk7-1.4.10.jar;C:\Users\larry.matthews\.m2\repository\com\google\code\gson\gson\2.8.9\gson-2.8.9.jar;C:\Users\larry.matthews\.m2\repository\javax\annotation\javax.annotation-api\1.3.2\javax.annotation-api-1.3.2.jar;"/>
    <property name="sun.cpu.endian" value="little"/>
    <property name="user.home" value="C:\Users\larry.matthews"/>
    <property name="user.language" value="en"/>
    <property name="java.specification.vendor" value="Oracle Corporation"/>
    <property name="java.version.date" value="2022-10-18"/>
    <property name="java.home" value="C:\Program Files\Java\jdk-17.0.5"/>
    <property name="file.separator" value="\"/>
    <property name="basedir" value="C:\projects\AltamiraArgoJava\test23"/>
    <property name="java.vm.compressedOopsMode" value="Zero based"/>
    <property name="line.separator" value="&#10;"/>
    <property name="java.vm.specification.vendor" value="Oracle Corporation"/>
    <property name="java.specification.name" value="Java Platform API Specification"/>
    <property name="surefire.real.class.path" value="C:\Users\LARRY~1.MAT\AppData\Local\Temp\surefire15519169217092168015\surefirebooter16556463410247611951.jar"/>
    <property name="user.script" value=""/>
    <property name="sun.management.compiler" value="HotSpot 64-Bit Tiered Compilers"/>
    <property name="java.runtime.version" value="17.0.5+9-LTS-191"/>
    <property name="user.name" value="larry.matthews"/>
    <property name="path.separator" value=";"/>
    <property name="os.version" value="10.0"/>
    <property name="java.runtime.name" value="Java(TM) SE Runtime Environment"/>
    <property name="file.encoding" value="Cp1252"/>
    <property name="java.vm.name" value="Java HotSpot(TM) 64-Bit Server VM"/>
    <property name="localRepository" value="C:\Users\larry.matthews\.m2\repository"/>
    <property name="java.vendor.url.bug" value="https://bugreport.java.com/bugreport/"/>
    <property name="java.io.tmpdir" value="C:\Users\LARRY~1.MAT\AppData\Local\Temp\"/>
    <property name="java.version" value="17.0.5"/>
    <property name="user.dir" value="C:\projects\AltamiraArgoJava\test23"/>
    <property name="os.arch" value="amd64"/>
    <property name="java.vm.specification.name" value="Java Virtual Machine Specification"/>
    <property name="sun.os.patch.level" value=""/>
    <property name="native.encoding" value="Cp1252"/>
    <property name="java.library.path" value="C:\Program Files\Java\jdk-17.0.5\bin;C:\Windows\Sun\Java\bin;C:\Windows\system32;C:\Windows;C:\Program Files\Common Files\Oracle\Java\javapath;C:\Program Files (x86)\Common Files\Oracle\Java\javapath;C:\Windows\system32;C:\Windows;C:\Windows\System32\Wbem;C:\Windows\System32\WindowsPowerShell\v1.0\;C:\Windows\System32\OpenSSH\;C:\Windows\CCM;C:\Windows\CCM;C:\Windows\CCM;C:\Program Files (x86)\NVIDIA Corporation\PhysX\Common;C:\Program Files\Microsoft VS Code\bin;C:\Program Files\Git\cmd;C:\Program Files\Java\jdk-17.0.5\bin;C:\Maven3.8\apache-maven-3.8.6\bin;C:\Users\larry.matthews\AppData\Local\Programs\Python\Python311\Scripts\;C:\Users\larry.matthews\AppData\Local\Programs\Python\Python311\;C:\Users\larry.matthews\AppData\Local\Microsoft\WindowsApps;;."/>
    <property name="java.vm.info" value="mixed mode, sharing"/>
    <property name="java.vendor" value="Oracle Corporation"/>
    <property name="java.vm.version" value="17.0.5+9-LTS-191"/>
    <property name="sun.io.unicode.encoding" value="UnicodeLittle"/>
    <property name="java.class.version" value="61.0"/>
  </properties>
  <testcase name="shouldAnswerWithTrue" classname="com.altamiracorp.AppTest" time="0.001"/>
</testsuite>